<?xml version="1.0" encoding="UTF-8"?>
<!-- Generated by org.testng.reporters.JUnitReportReporter -->
<testsuite skipped="0" hostname="sairam-PC" name="basics.FbLogin" tests="1" failures="0" timestamp="16 Jul 2020 07:55:35 GMT" time="0.013" errors="0">
  <testcase name="verifyTitle" time="0.013" classname="basics.FbLogin"/>
</testsuite> <!-- basics.FbLogin -->
