<?xml version="1.0" encoding="UTF-8"?>
<!-- Generated by org.testng.reporters.JUnitReportReporter -->
<testsuite skipped="0" hostname="sairam-PC" name="basics.FbLogin" tests="1" failures="0" timestamp="2020-07-17T13:29:11 IST" time="0.032" errors="0">
  <testcase name="verifyTitle" time="0.032" classname="basics.FbLogin"/>
  <system-out/>
</testsuite> <!-- basics.FbLogin -->
